23-03-2024 | 11:03:50 |::| error |::| La requête a été traitée avec succès.
23-03-2024 | 11:03:50 |::| error |::| La requête a été traitée avec succès.
23-03-2024 | 11:03:51 |::| error |::| La requête a été traitée avec succès.
23-03-2024 | 11:03:52 |::| error |::| La requête a été traitée avec succès.
23-03-2024 | 11:05:15 |::| info |::| API Start on 8000
23-03-2024 | 11:05:30 |::| info |::| API Start on 8000
23-03-2024 | 11:06:02 |::| info |::| API Start on 8000
23-03-2024 | 11:07:31 |::| info |::| API Start on 8000
23-03-2024 | 11:14:39 |::| info |::| API Start on 8000
23-03-2024 | 11:14:41 |::| error |::| La requête a été traitée avec succès.
23-03-2024 | 11:17:12 |::| info |::| API Start on 8000
23-03-2024 | 11:17:16 |::| info |::| API Start on 8000
23-03-2024 | 11:19:18 |::| info |::| API Start on 8000
23-03-2024 | 11:20:05 |::| error |::| La requête a été traitée avec succès.
23-03-2024 | 11:23:46 |::| info |::| API Start on 8000
23-03-2024 | 11:23:49 |::| error |::| La requête a été traitée avec succès.
23-03-2024 | 11:25:40 |::| info |::| API Start on 8000
23-03-2024 | 11:25:44 |::| error |::| La requête a été traitée avec succès.
23-03-2024 | 11:26:57 |::| info |::| API Start on 8000
23-03-2024 | 11:27:04 |::| error |::| La requête a été traitée avec succès.
23-03-2024 | 11:27:54 |::| info |::| API Start on 8000
23-03-2024 | 11:28:16 |::| info |::| API Start on 8000
23-03-2024 | 11:28:18 |::| error |::| La requête a été traitée avec succès.
23-03-2024 | 11:28:32 |::| info |::| API Start on 8000
23-03-2024 | 11:28:34 |::| error |::| La requête a été traitée avec succès.
23-03-2024 | 11:28:55 |::| info |::| API Start on 8000
23-03-2024 | 11:28:56 |::| error |::| La requête a été traitée avec succès.
23-03-2024 | 11:29:06 |::| info |::| API Start on 8000
23-03-2024 | 11:29:07 |::| error |::| La requête a été traitée avec succès.
23-03-2024 | 11:29:24 |::| info |::| API Start on 8000
23-03-2024 | 11:29:26 |::| error |::| La requête a été traitée avec succès.
23-03-2024 | 11:29:47 |::| info |::| API Start on 8000
23-03-2024 | 11:29:47 |::| error |::| La requête a été traitée avec succès.
23-03-2024 | 11:30:03 |::| info |::| API Start on 8000
23-03-2024 | 11:30:16 |::| info |::| API Start on 8000
23-03-2024 | 11:30:18 |::| error |::| La requête a été traitée avec succès.
23-03-2024 | 11:30:37 |::| info |::| API Start on 8000
23-03-2024 | 11:30:39 |::| error |::| La requête a été traitée avec succès.
23-03-2024 | 11:30:46 |::| info |::| API Start on 8000
23-03-2024 | 11:30:48 |::| error |::| La requête a été traitée avec succès.
23-03-2024 | 11:30:56 |::| info |::| API Start on 8000
23-03-2024 | 11:30:58 |::| error |::| La requête a été traitée avec succès.
23-03-2024 | 11:31:43 |::| info |::| API Start on 8000
23-03-2024 | 11:32:14 |::| info |::| API Start on 8000
23-03-2024 | 11:32:19 |::| error |::| La requête a été traitée avec succès.
23-03-2024 | 11:32:28 |::| info |::| API Start on 8000
23-03-2024 | 11:32:29 |::| error |::| La requête a été traitée avec succès.
23-03-2024 | 11:32:41 |::| info |::| API Start on 8000
23-03-2024 | 11:32:43 |::| error |::| La requête a été traitée avec succès.
23-03-2024 | 11:32:48 |::| info |::| API Start on 8000
23-03-2024 | 11:33:06 |::| error |::| La requête a été traitée avec succès.
23-03-2024 | 11:33:38 |::| info |::| API Start on 8000
23-03-2024 | 11:34:02 |::| info |::| API Start on 8000
23-03-2024 | 11:36:21 |::| info |::| API Start on 8000
23-03-2024 | 11:37:12 |::| info |::| API Start on 8000
23-03-2024 | 11:39:11 |::| info |::| API Start on 8000
23-03-2024 | 11:40:23 |::| info |::| API Start on 8000
23-03-2024 | 11:51:21 |::| info |::| API Start on 8000
23-03-2024 | 11:52:55 |::| info |::| API Start on 8000
23-03-2024 | 11:53:37 |::| info |::| API Start on 8000
23-03-2024 | 11:53:50 |::| info |::| API Start on 8000
23-03-2024 | 11:54:13 |::| info |::| API Start on 8000
23-03-2024 | 12:02:24 |::| info |::| API Start on 8000
23-03-2024 | 12:06:51 |::| info |::| API Start on 8000
23-03-2024 | 12:11:06 |::| info |::| API Start on 8000
23-03-2024 | 12:12:07 |::| info |::| API Start on 8000
23-03-2024 | 12:13:15 |::| db |::| API Start on 8000
23-03-2024 | 12:13:27 |::| info |::| API Start on 8000
23-03-2024 | 12:13:39 |::| info |::| API Start on 8000
23-03-2024 | 12:15:29 |::| info |::| API Start on 8000
23-03-2024 | 12:16:42 |::| db |::| [object Object]
23-03-2024 | 12:16:42 |::| info |::| API Start on 8000
23-03-2024 | 12:16:55 |::| db |::| [object Object]
23-03-2024 | 12:16:56 |::| info |::| API Start on 8000
23-03-2024 | 12:18:23 |::| db |::| Database Name: dev_police_manager
 Logged As: policeneo
23-03-2024 | 12:18:23 |::| info |::| API Start on 8000
23-03-2024 | 12:18:46 |::| db |::| 
Database Name: dev_police_manager
 Logged As: policeneo
23-03-2024 | 12:18:46 |::| info |::| API Start on 8000
23-03-2024 | 12:18:51 |::| db |::| 
Database Name: dev_police_manager
Logged As: policeneo
23-03-2024 | 12:18:51 |::| info |::| API Start on 8000
23-03-2024 | 12:19:54 |::| db |::| 
Database Name: dev_police_manager
Logged As: policeneo
Host: 127.0.0.1
Dialect: mysql
23-03-2024 | 12:19:54 |::| info |::| API Start on 8000
23-03-2024 | 12:20:37 |::| db |::| 
(...arguments_) => {
		if (isArray(arguments_[0]) && isArray(arguments_[0].raw)) {
			// Called as a template literal, for example: chalk.red`2 + 3 = {bold ${2+3}}`
			return applyStyle(builder, chalkTag(builder, ...arguments_));
		}

		// Single argument is hot path, implicit coercion is faster than anything
		// eslint-disable-next-line no-implicit-coercion
		return applyStyle(builder, (arguments_.length === 1) ? ('' + arguments_[0]) : arguments_.join(' '));
	}Database Name: dev_police_manager
Logged As: policeneo
Host: 127.0.0.1
Dialect: mysql
23-03-2024 | 12:20:37 |::| info |::| API Start on 8000
23-03-2024 | 12:21:19 |::| db |::| 
[48;2;0;255;0mDatabase Name:[49m dev_police_manager
Logged As: policeneo
Host: 127.0.0.1
Dialect: mysql
23-03-2024 | 12:21:19 |::| info |::| API Start on 8000
23-03-2024 | 12:21:36 |::| db |::| 
[48;2;255;153;0mDatabase Name:[49m dev_police_manager
Logged As: policeneo
Host: 127.0.0.1
Dialect: mysql
23-03-2024 | 12:21:36 |::| info |::| API Start on 8000
23-03-2024 | 12:21:42 |::| db |::| 
[48;2;255;153;0m[97mDatabase Name:[39m[49m dev_police_manager
Logged As: policeneo
Host: 127.0.0.1
Dialect: mysql
23-03-2024 | 12:21:42 |::| info |::| API Start on 8000
23-03-2024 | 12:21:49 |::| db |::| 
[48;2;255;153;0m[97m[1mDatabase Name:[22m[39m[49m dev_police_manager
Logged As: policeneo
Host: 127.0.0.1
Dialect: mysql
23-03-2024 | 12:21:50 |::| info |::| API Start on 8000
23-03-2024 | 12:21:55 |::| db |::| 
[48;2;162;99;6m[97m[1mDatabase Name:[22m[39m[49m dev_police_manager
Logged As: policeneo
Host: 127.0.0.1
Dialect: mysql
23-03-2024 | 12:21:55 |::| info |::| API Start on 8000
23-03-2024 | 12:22:40 |::| db |::| 
[48;2;162;99;6m[97m[1mDatabase Name:[22m[39m[49m dev_police_manager
[48;2;162;99;6m[97m[1mLogged As:[22m[39m[49m policeneo
Host: 127.0.0.1
Dialect: mysql
23-03-2024 | 12:22:40 |::| info |::| API Start on 8000
23-03-2024 | 12:23:21 |::| db |::| 
[48;2;162;99;6m[97m[1mDatabase Name:[22m[39m[49m dev_police_manager
[48;2;162;99;6m[97m[1mLogged As:[22m[39m[49m policeneo
[48;2;162;99;6m[97m[1mHost:[22m[39m[49m 127.0.0.1
Dialect: mysql
23-03-2024 | 12:23:21 |::| info |::| API Start on 8000
23-03-2024 | 12:23:34 |::| db |::| 
[48;2;162;99;6m[97m[1mDatabase Name:[22m[39m[49m dev_police_manager
[48;2;162;99;6m[97m[1mLogged As:[22m[39m[49m policeneo
[48;2;162;99;6m[97m[1mHost:[22m[39m[49m 127.0.0.1
[48;2;162;99;6m[97m[1mDialect[22m[39m[49m mysql
23-03-2024 | 12:23:34 |::| info |::| API Start on 8000
23-03-2024 | 12:23:51 |::| db |::| 
[48;2;162;99;6m[97m[1mDatabase Name:[22m[39m[49mdev_police_manager
[48;2;162;99;6m[97m[1mLogged As:[22m[39m[49m policeneo
[48;2;162;99;6m[97m[1mHost:[22m[39m[49m 127.0.0.1
[48;2;162;99;6m[97m[1mDialect[22m[39m[49m mysql
23-03-2024 | 12:23:51 |::| info |::| API Start on 8000
23-03-2024 | 12:24:00 |::| db |::| 
[48;2;162;99;6m[97m[1mDatabase Name|::|[22m[39m[49mdev_police_manager
[48;2;162;99;6m[97m[1mLogged As:[22m[39m[49m policeneo
[48;2;162;99;6m[97m[1mHost:[22m[39m[49m 127.0.0.1
[48;2;162;99;6m[97m[1mDialect[22m[39m[49m mysql
23-03-2024 | 12:24:00 |::| info |::| API Start on 8000
23-03-2024 | 12:24:20 |::| db |::| 
[48;2;162;99;6m[97m[1mDatabase Name[22m[39m[49m|::|dev_police_manager
[48;2;162;99;6m[97m[1mLogged As:[22m[39m[49m policeneo
[48;2;162;99;6m[97m[1mHost:[22m[39m[49m 127.0.0.1
[48;2;162;99;6m[97m[1mDialect[22m[39m[49m mysql
23-03-2024 | 12:24:20 |::| info |::| API Start on 8000
23-03-2024 | 12:25:25 |::| db |::| 
[48;2;162;99;6m[97m[1mDatabase Name[22m[39m[49m|::|dev_police_manager
[48;2;162;99;6m[97m[1mLogged As:[22m[39m[49m policeneo
[48;2;162;99;6m[97m[1mHost:[22m[39m[49m 127.0.0.1
[48;2;137;167;2m[97m[1mDialect[22m[39m[49m mysql
23-03-2024 | 12:25:25 |::| info |::| API Start on 8000
23-03-2024 | 12:26:02 |::| db |::| 
[48;2;162;99;6m[97m[1mDatabase Name[22m[39m[49m|::|dev_police_manager
[48;2;162;99;6m[97m[1mLogged As:[22m[39m[49m policeneo
[48;2;162;99;6m[97m[1mHost:[22m[39m[49m 127.0.0.1
[48;2;2;167;142m[97m[1mDialect[22m[39m[49m mysql
23-03-2024 | 12:26:02 |::| info |::| API Start on 8000
23-03-2024 | 12:26:26 |::| db |::| 
[48;2;2;167;142m[97m[1mDatabase Name[22m[39m[49m|::|dev_police_manager
[48;2;2;167;142m[97m[1mLogged As:[22m[39m[49m policeneo
[48;2;2;167;142m[97m[1mHost:[22m[39m[49m 127.0.0.1
[48;2;2;167;142m[97m[1mDialect[22m[39m[49m mysql
23-03-2024 | 12:26:27 |::| info |::| API Start on 8000
23-03-2024 | 12:26:49 |::| db |::| 
[48;2;2;167;142m[97m[1mDatabase Name[22m[39m[49m|:→:|dev_police_manager
[48;2;2;167;142m[97m[1mLogged As:[22m[39m[49m policeneo
[48;2;2;167;142m[97m[1mHost:[22m[39m[49m 127.0.0.1
[48;2;2;167;142m[97m[1mDialect[22m[39m[49m mysql
23-03-2024 | 12:26:49 |::| info |::| API Start on 8000
23-03-2024 | 12:27:43 |::| db |::| 
[48;2;2;167;142m[97m[1mDatabase Name[22m[39m[49m|:→:|dev_police_manager
[48;2;2;167;142m[97m[1mLogged As:[22m[39m[49m|:→:|policeneo
[48;2;2;167;142m[97m[1mHost:[22m[39m[49m|:→:|127.0.0.1
[48;2;2;167;142m[97m[1mDialect[22m[39m[49m mysql
23-03-2024 | 12:27:43 |::| info |::| API Start on 8000
23-03-2024 | 12:27:47 |::| db |::| 
[48;2;2;167;142m[97m[1mDatabase Name[22m[39m[49m|:→:|dev_police_manager
[48;2;2;167;142m[97m[1mLogged As:[22m[39m[49m|:→:|policeneo
[48;2;2;167;142m[97m[1mHost:[22m[39m[49m|:→:|127.0.0.1
[48;2;2;167;142m[97m[1mDialect[22m[39m[49m|:→:|mysql
23-03-2024 | 12:27:47 |::| info |::| API Start on 8000
23-03-2024 | 12:28:13 |::| db |::| 
[48;2;2;167;142m[97m[1mDatabase Name[22m[39m[49m|:→:| dev_police_manager
[48;2;2;167;142m[97m[1mLogged As:[22m[39m[49m|:→:| policeneo
[48;2;2;167;142m[97m[1mHost:[22m[39m[49m|:→:| 127.0.0.1
[48;2;2;167;142m[97m[1mDialect[22m[39m[49m|:→:| mysql
23-03-2024 | 12:28:13 |::| info |::| API Start on 8000
23-03-2024 | 12:29:00 |::| db |::| 
[48;2;2;167;142m[97m[1mDatabase Name[22m[39m[49m|:→:| [40mdev_police_manager[49m
[48;2;2;167;142m[97m[1mLogged As:[22m[39m[49m|:→:| policeneo
[48;2;2;167;142m[97m[1mHost:[22m[39m[49m|:→:| 127.0.0.1
[48;2;2;167;142m[97m[1mDialect[22m[39m[49m|:→:| mysql
23-03-2024 | 12:29:00 |::| info |::| API Start on 8000
23-03-2024 | 12:30:01 |::| db |::| 
[48;2;2;167;142m[97m[1mDatabase Name[22m[39m[49m|:→:|[40mdev_police_manager[49m
[48;2;2;167;142m[97m[1mLogged As:[22m[39m[49m|:→:| policeneo
[48;2;2;167;142m[97m[1mHost:[22m[39m[49m|:→:| 127.0.0.1
[48;2;2;167;142m[97m[1mDialect[22m[39m[49m|:→:| mysql
23-03-2024 | 12:30:01 |::| info |::| API Start on 8000
23-03-2024 | 12:31:36 |::| db |::| 
[48;2;2;167;142m[97m[1mDatabase Name[22m[39m[49m|:→:|[40mdev_police_manager[49m
[48;2;2;167;142m[97m[1mLogged As:[22m[39m[49m|:→:|[40mpoliceneo[49m
[48;2;2;167;142m[97m[1mHost:[22m[39m[49m|:→:| 127.0.0.1
[48;2;2;167;142m[97m[1mDialect[22m[39m[49m|:→:| mysql
23-03-2024 | 12:31:36 |::| info |::| API Start on 8000
23-03-2024 | 12:31:52 |::| db |::| 
[48;2;2;167;142m[97m[1mDatabase Name[22m[39m[49m|:→:|[40mdev_police_manager[49m
[48;2;2;167;142m[97m[1mLogged As:[22m[39m[49m|:→:|[40mpoliceneo[49m
[48;2;2;167;142m[97m[1mHost:[22m[39m[49m|:→:|[40m127.0.0.1[49m
[48;2;2;167;142m[97m[1mDialect[22m[39m[49m|:→:| mysql
23-03-2024 | 12:31:52 |::| info |::| API Start on 8000
23-03-2024 | 12:32:14 |::| db |::| 
[48;2;2;167;142m[97m[1mDatabase Name[22m[39m[49m|:→:|[40mdev_police_manager[49m
[48;2;2;167;142m[97m[1mLogged As:[22m[39m[49m|:→:|[40mpoliceneo[49m
[48;2;2;167;142m[97m[1mHost:[22m[39m[49m|:→:|[40m127.0.0.1[49m
[48;2;2;167;142m[97m[1mDialect[22m[39m[49m|:→:|[40mmysql[49m
23-03-2024 | 12:32:14 |::| info |::| API Start on 8000
23-03-2024 | 12:32:53 |::| db |::| 
[48;2;2;167;142m[97m[1mDatabase Name[22m[39m[49m|:→:|[40mdev_police_manager[49m
[48;2;2;167;142m[97m[1mLogged As:[22m[39m[49m|:→:|[40mpoliceneo[49m
[48;2;2;167;142m[97m[1mHost:[22m[39m[49m|:→:|[40m127.0.0.1[49m
[48;2;2;167;142m[97m[1mDialect[22m[39m[49m|:→:|[40mmysql[49m
23-03-2024 | 12:32:53 |::| info |::| API Start on 8000
23-03-2024 | 12:33:16 |::| db |::| 
[48;2;2;167;142m[30m[1mDatabase Name[22m[39m[49m|:→:|[40mdev_police_manager[49m
[48;2;2;167;142m[97m[1mLogged As:[22m[39m[49m|:→:|[40mpoliceneo[49m
[48;2;2;167;142m[97m[1mHost:[22m[39m[49m|:→:|[40m127.0.0.1[49m
[48;2;2;167;142m[97m[1mDialect[22m[39m[49m|:→:|[40mmysql[49m
23-03-2024 | 12:33:16 |::| info |::| API Start on 8000
23-03-2024 | 12:33:30 |::| db |::| 
[48;2;2;167;142m[30m[1mDatabase Name[22m[39m[49m|:→:|[40mdev_police_manager[49m
[48;2;2;167;142m[30m[1mLogged As:[22m[39m[49m|:→:|[40mpoliceneo[49m
[48;2;2;167;142m[30m[1mHost:[22m[39m[49m|:→:|[40m127.0.0.1[49m
[48;2;2;167;142m[30m[1mDialect[22m[39m[49m|:→:|[40mmysql[49m
23-03-2024 | 12:33:30 |::| info |::| API Start on 8000
23-03-2024 | 12:34:07 |::| db |::| 
[48;2;2;167;142m[30m[1mDatabase Name[22m[39m[49m|:→:|[40mdev_police_manager[49m
[48;2;2;167;142m[30m[1mLogged As:[22m[39m[49m|:→:|[40mpoliceneo[49m
[48;2;2;167;142m[30m[1mHost:[22m[39m[49m|:→:|[40m127.0.0.1[49m
[48;2;2;167;142m[30m[1mDialect[22m[39m[49m|:→:|[40mmysql[49m
23-03-2024 | 12:34:07 |::| info |::| API Start on 8000
23-03-2024 | 12:34:46 |::| db |::| 
[48;2;2;167;142m[30m[1mDatabase Name[22m[39m[49m|:→:|[40mdev_police_manager[49m
[48;2;2;167;142m[30m[1mLogged As:[22m[39m[49m|:→:|[40mpoliceneo[49m
[48;2;2;167;142m[30m[1mHost:[22m[39m[49m|:→:|[40m127.0.0.1[49m
[48;2;2;167;142m[30m[1mDialect[22m[39m[49m|:→:|[40mmysql[49m
23-03-2024 | 12:34:46 |::| db |::| Connection succefull: ✅✅✅}
23-03-2024 | 12:34:47 |::| info |::| API Start on 8000
23-03-2024 | 12:34:54 |::| db |::| 
[48;2;2;167;142m[30m[1mDatabase Name[22m[39m[49m|:→:|[40mdev_police_manager[49m
[48;2;2;167;142m[30m[1mLogged As:[22m[39m[49m|:→:|[40mpoliceneo[49m
[48;2;2;167;142m[30m[1mHost:[22m[39m[49m|:→:|[40m127.0.0.1[49m
[48;2;2;167;142m[30m[1mDialect[22m[39m[49m|:→:|[40mmysql[49m
23-03-2024 | 12:34:54 |::| db |::| Connection succefull: ✅ ✅ ✅}
23-03-2024 | 12:34:54 |::| info |::| API Start on 8000
23-03-2024 | 12:35:27 |::| db |::| 
[48;2;2;167;142m[30m[1mDatabase Name[22m[39m[49m|:→:|[40mdev_police_manager[49m
[48;2;2;167;142m[30m[1mLogged As:[22m[39m[49m|:→:|[40mpoliceneo[49m
[48;2;2;167;142m[30m[1mHost:[22m[39m[49m|:→:|[40m127.0.0.1[49m
[48;2;2;167;142m[30m[1mDialect[22m[39m[49m|:→:|[40mmysql[49m
23-03-2024 | 12:35:27 |::| db |::| Connection succefull: ✅ ✅ ✅}
23-03-2024 | 12:35:27 |::| info |::| API Start on 8000
23-03-2024 | 12:35:44 |::| db |::| 
[48;2;2;167;142m[30m[1mDatabase Name[22m[39m[49m|:→:|[40mdev_police_manager[49m
[48;2;2;167;142m[30m[1mLogged As:[22m[39m[49m|:→:|[40mpoliceneo[49m
[48;2;2;167;142m[30m[1mHost:[22m[39m[49m|:→:|[40m127.0.0.1[49m
[48;2;2;167;142m[30m[1mDialect[22m[39m[49m|:→:|[40mmysql[49m
23-03-2024 | 12:35:44 |::| db |::| Connection succefull: ✅ ✅ ✅}
23-03-2024 | 12:35:44 |::| info |::| API Start on 8000
23-03-2024 | 12:43:02 |::| db |::| [48;2;2;167;142m[30m[1mDatabase Name[22m[39m[49m|:→:|[40mdev_police_manager[49m[48;2;2;167;142m[30m[1mLogged As:[22m[39m[49m|:→:|[40mpoliceneo[49m[48;2;2;167;142m[30m[1mHost:[22m[39m[49m|:→:|[40m127.0.0.1[49m[48;2;2;167;142m[30m[1mDialect[22m[39m[49m|:→:|[40mmysql[49m
23-03-2024 | 12:43:02 |::| db |::| Connection succefull: ✅ ✅ ✅}
23-03-2024 | 12:43:02 |::| info |::| API Start on 8000
23-03-2024 | 12:43:32 |::| db |::| [48;2;2;167;142m[30m[1mDatabase Name[22m[39m[49m|:→:|[40mdev_police_manager[49m[48;2;2;167;142m[30m[1mLogged As:[22m[39m[49m|[40mpoliceneo[49m[48;2;2;167;142m[30m[1mHost:[22m[39m[49m|[40m127.0.0.1[49m[48;2;2;167;142m[30m[1mDialect[22m[39m[49m|[40mmysql[49m
23-03-2024 | 12:43:32 |::| db |::| Connection succefull: ✅ ✅ ✅}
23-03-2024 | 12:43:32 |::| info |::| API Start on 8000
23-03-2024 | 12:43:42 |::| db |::| 
[48;2;2;167;142m[30m[1mDatabase Name[22m[39m[49m|:→:|[40mdev_police_manager[49m
[48;2;2;167;142m[30m[1mLogged As:[22m[39m[49m|:→:|[40mpoliceneo[49m
[48;2;2;167;142m[30m[1mHost:[22m[39m[49m|:→:|[40m127.0.0.1[49m
[48;2;2;167;142m[30m[1mDialect[22m[39m[49m|:→:|[40mmysql[49m
23-03-2024 | 12:43:42 |::| db |::| Connection succefull: ✅ ✅ ✅}
23-03-2024 | 12:43:43 |::| info |::| API Start on 8000
23-03-2024 | 12:45:02 |::| db |::| 
[48;2;2;167;142m[30m[1mDatabase Name[22m[39m[49m[40mdev_police_manager[49m[97m|::|[39m[48;2;2;167;142m[30m[1mLogged As:[22m[39m[49m|:→:|[40mpoliceneo[49m
[48;2;2;167;142m[30m[1mHost:[22m[39m[49m|:→:|[40m127.0.0.1[49m
[48;2;2;167;142m[30m[1mDialect[22m[39m[49m|:→:|[40mmysql[49m
23-03-2024 | 12:45:02 |::| db |::| Connection succefull: ✅ ✅ ✅}
23-03-2024 | 12:45:02 |::| info |::| API Start on 8000
23-03-2024 | 12:45:18 |::| db |::| 
[48;2;2;167;142m[30m[1mDatabase Name[22m[39m[49m[40mdev_police_manager[49m[97m|::|[39m[48;2;2;167;142m[30m[1mLogged As:[22m[39m[49m[40mpoliceneo[49m
[48;2;2;167;142m[30m[1mHost:[22m[39m[49m|:→:|[40m127.0.0.1[49m
[48;2;2;167;142m[30m[1mDialect[22m[39m[49m|:→:|[40mmysql[49m
23-03-2024 | 12:45:18 |::| db |::| Connection succefull: ✅ ✅ ✅}
23-03-2024 | 12:45:18 |::| info |::| API Start on 8000
23-03-2024 | 12:45:34 |::| db |::| 
[48;2;2;167;142m[30m[1mDatabase Name[22m[39m[49m[40mdev_police_manager[49m[97m|::|[39m[48;2;2;167;142m[30m[1mLogged As:[22m[39m[49m[40mpoliceneo[49m[97m|::|[39m[48;2;2;167;142m[30m[1mHost:[22m[39m[49m|:→:|[40m127.0.0.1[49m
[48;2;2;167;142m[30m[1mDialect[22m[39m[49m|:→:|[40mmysql[49m
23-03-2024 | 12:45:34 |::| db |::| Connection succefull: ✅ ✅ ✅}
23-03-2024 | 12:45:34 |::| info |::| API Start on 8000
23-03-2024 | 12:45:52 |::| db |::| 
[48;2;2;167;142m[30m[1mDatabase Name[22m[39m[49m[40mdev_police_manager[49m[97m|::|[39m[48;2;2;167;142m[30m[1mLogged As:[22m[39m[49m[40mpoliceneo[49m[97m|::|[39m[48;2;2;167;142m[30m[1mHost:[22m[39m[49m[40m127.0.0.1[49m[97m|::|[39m[48;2;2;167;142m[30m[1mDialect[22m[39m[49m|:→:|[40mmysql[49m
23-03-2024 | 12:45:52 |::| db |::| Connection succefull: ✅ ✅ ✅}
23-03-2024 | 12:45:52 |::| info |::| API Start on 8000
23-03-2024 | 12:46:08 |::| db |::| 
[48;2;2;167;142m[30m[1mDatabase Name[22m[39m[49m[40mdev_police_manager[49m[97m|::|[39m[48;2;2;167;142m[30m[1mLogged As:[22m[39m[49m[40mpoliceneo[49m[97m|::|[39m[48;2;2;167;142m[30m[1mHost:[22m[39m[49m[40m127.0.0.1[49m[97m|::|[39m[48;2;2;167;142m[30m[1mDialect[22m[39m[49m[40mmysql[49m
23-03-2024 | 12:46:08 |::| db |::| Connection succefull: ✅ ✅ ✅}
23-03-2024 | 12:46:08 |::| info |::| API Start on 8000
23-03-2024 | 12:46:34 |::| db |::| 
[48;2;2;167;142m[30m[1mDatabase Name[22m[39m[49m[40mdev_police_manager[49m[97m||[39m[48;2;2;167;142m[30m[1mLogged As:[22m[39m[49m[40mpoliceneo[49m[97m||[39m[48;2;2;167;142m[30m[1mHost:[22m[39m[49m[40m127.0.0.1[49m[97m||[39m[48;2;2;167;142m[30m[1mDialect[22m[39m[49m[40mmysql[49m
23-03-2024 | 12:46:34 |::| db |::| Connection succefull: ✅ ✅ ✅}
23-03-2024 | 12:46:34 |::| info |::| API Start on 8000
23-03-2024 | 12:48:18 |::| db |::| 
[48;2;2;167;142m[30m[1mDatabase Name[22m[39m[49m[40mdev_police_manager[49m[97m||[39m[48;2;2;167;142m[30m[1mLogged As:[22m[39m[49m[40mpoliceneo[49m[97m||[39m[48;2;2;167;142m[30m[1mHost:[22m[39m[49m[40m127.0.0.1[49m[97m||[39m[48;2;2;167;142m[30m[1mDialect[22m[39m[49m[40mmysql[49m
23-03-2024 | 12:48:18 |::| db |::| Connection succefull: ✅ ✅ ✅}
23-03-2024 | 12:48:18 |::| info |::| API Start on 8000
23-03-2024 | 12:48:43 |::| db |::| 
[48;2;2;167;142m[30m[1mDatabase Name[22m[39m[49m[40mdev_police_manager[49m[97m||[39m[48;2;2;167;142m[30m[1mLogged As:[22m[39m[49m[40mpoliceneo[49m[97m||[39m[48;2;2;167;142m[30m[1mHost:[22m[39m[49m[40m127.0.0.1[49m[97m||[39m[48;2;2;167;142m[30m[1mDialect[22m[39m[49m[40mmysql[49m
23-03-2024 | 12:48:43 |::| db |::| Connection succefull: ✅ ✅ ✅}
23-03-2024 | 12:48:43 |::| info |::| API Start on 8000
23-03-2024 | 12:50:09 |::| db |::| 
[48;2;2;167;142m[30m[1mDatabase Name[22m[39m[49m[40mdev_police_manager[49m[97m||[39m[48;2;2;167;142m[30m[1mLogged As:[22m[39m[49m[40mpoliceneo[49m[97m||[39m[48;2;2;167;142m[30m[1mHost:[22m[39m[49m[40m127.0.0.1[49m[97m||[39m[48;2;2;167;142m[30m[1mDialect[22m[39m[49m[40mmysql[49m
23-03-2024 | 12:50:09 |::| db |::| Connection succefull: ✅ ✅ ✅}
23-03-2024 | 12:50:09 |::| info |::| API Start on 8000
23-03-2024 | 12:50:58 |::| db |::| 
[48;2;2;167;142m[30m[1mDatabase Name[22m[39m[49m[40mdev_police_manager[49m[97m||[39m[48;2;2;167;142m[30m[1mLogged As:[22m[39m[49m[40mpoliceneo[49m[97m||[39m[48;2;2;167;142m[30m[1mHost:[22m[39m[49m[40m127.0.0.1[49m[97m||[39m[48;2;2;167;142m[30m[1mDialect[22m[39m[49m[40mmysql[49m
23-03-2024 | 12:50:58 |::| db |::| Connection succefull: ✅ ✅ ✅}
23-03-2024 | 12:50:58 |::| info |::| API Start on 8000
23-03-2024 | 12:51:42 |::| db |::| 
[48;2;2;167;142m[30m[1mDatabase Name[22m[39m[49m[40mdev_police_manager[49m[97m||[39m[48;2;2;167;142m[30m[1mLogged As:[22m[39m[49m[40mpoliceneo[49m[97m||[39m[48;2;2;167;142m[30m[1mHost:[22m[39m[49m[40m127.0.0.1[49m[97m||[39m[48;2;2;167;142m[30m[1mDialect[22m[39m[49m[40mmysql[49m
23-03-2024 | 12:51:42 |::| db |::| Connection succefull: ✅ ✅ ✅}
23-03-2024 | 12:51:42 |::| info |::| API Start on 8000
23-03-2024 | 12:52:38 |::| db |::| 
[48;2;2;167;142m[30m[1mDatabase Name[22m[39m[49m[40mdev_police_manager[49m[97m||[39m[48;2;2;167;142m[30m[1mLogged As:[22m[39m[49m[40mpoliceneo[49m[97m||[39m[48;2;2;167;142m[30m[1mHost:[22m[39m[49m[40m127.0.0.1[49m[97m||[39m[48;2;2;167;142m[30m[1mDialect[22m[39m[49m[40mmysql[49m
23-03-2024 | 12:52:38 |::| db |::| Connection succefull: ✅ ✅ ✅}
23-03-2024 | 12:52:38 |::| info |::| API Start on 8000
23-03-2024 | 12:53:07 |::| db |::| 
[48;2;2;167;142m[30m[1mDatabase Name[22m[39m[49m[40mdev_police_manager[49m[97m||[39m[48;2;2;167;142m[30m[1mLogged As:[22m[39m[49m[40mpoliceneo[49m[97m||[39m[48;2;2;167;142m[30m[1mHost:[22m[39m[49m[40m127.0.0.1[49m[97m||[39m[48;2;2;167;142m[30m[1mDialect[22m[39m[49m[40mmysql[49m
23-03-2024 | 12:53:07 |::| db |::| Connection succefull: ✅ ✅ ✅}
23-03-2024 | 12:53:07 |::| info |::| API Start on 8000
23-03-2024 | 12:53:44 |::| db |::| 
[48;2;2;167;142m[30m[1mDatabase Name[22m[39m[49m[40mdev_police_manager[49m[97m||[39m[48;2;2;167;142m[30m[1mLogged As:[22m[39m[49m[40mpoliceneo[49m[97m||[39m[48;2;2;167;142m[30m[1mHost:[22m[39m[49m[40m127.0.0.1[49m[97m||[39m[48;2;2;167;142m[30m[1mDialect[22m[39m[49m[40mmysql[49m
23-03-2024 | 12:53:44 |::| db |::| Connection succefull: ✅ ✅ ✅}
23-03-2024 | 12:53:44 |::| info |::| API Start on 8000
23-03-2024 | 12:54:19 |::| db |::| 
[48;2;2;167;142m[30m[1mDatabase Name[22m[39m[49m[40mdev_police_manager[49m[97m||[39m[48;2;2;167;142m[30m[1mLogged As:[22m[39m[49m[40mpoliceneo[49m[97m||[39m[48;2;2;167;142m[30m[1mHost:[22m[39m[49m[40m127.0.0.1[49m[97m||[39m[48;2;2;167;142m[30m[1mDialect[22m[39m[49m[40mmysql[49m
23-03-2024 | 12:54:19 |::| db |::| Connection succefull: ✅ ✅ ✅}
23-03-2024 | 12:54:19 |::| info |::| API Start on 8000
23-03-2024 | 12:55:14 |::| db |::| 
[48;2;2;167;142m[30m[1mDatabase Name[22m[39m[49m[40mdev_police_manager[49m[97m||[39m[48;2;2;167;142m[30m[1mLogged As:[22m[39m[49m[40mpoliceneo[49m[97m||[39m[48;2;2;167;142m[30m[1mHost:[22m[39m[49m[40m127.0.0.1[49m[97m||[39m[48;2;2;167;142m[30m[1mDialect[22m[39m[49m[40mmysql[49m
23-03-2024 | 12:55:14 |::| db |::| Connection succefull: ✅ ✅ ✅}
23-03-2024 | 12:55:14 |::| info |::| API Start on 8000
23-03-2024 | 12:55:22 |::| db |::| 
[48;2;2;167;142m[30m[1mDatabase Name[22m[39m[49m[40mdev_police_manager[49m[97m||[39m[48;2;2;167;142m[30m[1mLogged As:[22m[39m[49m[40mpoliceneo[49m[97m||[39m[48;2;2;167;142m[30m[1mHost:[22m[39m[49m[40m127.0.0.1[49m[97m||[39m[48;2;2;167;142m[30m[1mDialect[22m[39m[49m[40mmysql[49m
23-03-2024 | 12:55:22 |::| db |::| Connection succefull: ✅ ✅ ✅}
23-03-2024 | 12:55:22 |::| info |::| API Start on 8000
23-03-2024 | 12:56:17 |::| db |::| 
[48;2;2;167;142m[30m[1mDatabase Name[22m[39m[49m[40mdev_police_manager[49m[97m||[39m[48;2;2;167;142m[30m[1mLogged As:[22m[39m[49m[40mpoliceneo[49m[97m||[39m[48;2;2;167;142m[30m[1mHost:[22m[39m[49m[40m127.0.0.1[49m[97m||[39m[48;2;2;167;142m[30m[1mDialect[22m[39m[49m[40mmysql[49m
23-03-2024 | 12:56:17 |::| db |::| Connection succefull: ✅ ✅ ✅}
23-03-2024 | 12:56:18 |::| info |::| API Start on 8000
23-03-2024 | 12:56:37 |::| db |::| 
[48;2;2;167;142m[30m[1mDatabase Name[22m[39m[49m[40mdev_police_manager[49m[97m||[39m[48;2;2;167;142m[30m[1mLogged As:[22m[39m[49m[40mpoliceneo[49m[97m||[39m[48;2;2;167;142m[30m[1mHost:[22m[39m[49m[40m127.0.0.1[49m[97m||[39m[48;2;2;167;142m[30m[1mDialect[22m[39m[49m[40mmysql[49m
23-03-2024 | 12:56:37 |::| db |::| Connection succefull: ✅ ✅ ✅}
23-03-2024 | 12:56:37 |::| info |::| API Start on 8000
23-03-2024 | 12:57:14 |::| db |::| 
[48;2;2;167;142m[30m[1mDatabase Name[22m[39m[49m[40mdev_police_manager[49m[97m||[39m[48;2;2;167;142m[30m[1mLogged As:[22m[39m[49m[40mpoliceneo[49m[97m||[39m[48;2;2;167;142m[30m[1mHost:[22m[39m[49m[40m127.0.0.1[49m[97m||[39m[48;2;2;167;142m[30m[1mDialect[22m[39m[49m[40mmysql[49m
23-03-2024 | 12:57:14 |::| db |::| Connection succefull: ✅ ✅ ✅}
23-03-2024 | 12:57:14 |::| info |::| API Start on 8000
23-03-2024 | 12:57:15 |::| db |::| 
[48;2;2;167;142m[30m[1mDatabase Name[22m[39m[49m[40mdev_police_manager[49m[97m||[39m[48;2;2;167;142m[30m[1mLogged As:[22m[39m[49m[40mpoliceneo[49m[97m||[39m[48;2;2;167;142m[30m[1mHost:[22m[39m[49m[40m127.0.0.1[49m[97m||[39m[48;2;2;167;142m[30m[1mDialect[22m[39m[49m[40mmysql[49m
23-03-2024 | 12:57:15 |::| db |::| Connection succefull: ✅ ✅ ✅}
23-03-2024 | 12:57:15 |::| info |::| API Start on 8000
23-03-2024 | 12:57:21 |::| db |::| 
[48;2;2;167;142m[30m[1mDatabase Name[22m[39m[49m[40mdev_police_manager[49m[97m||[39m[48;2;2;167;142m[30m[1mLogged As:[22m[39m[49m[40mpoliceneo[49m[97m||[39m[48;2;2;167;142m[30m[1mHost:[22m[39m[49m[40m127.0.0.1[49m[97m||[39m[48;2;2;167;142m[30m[1mDialect[22m[39m[49m[40mmysql[49m
23-03-2024 | 12:57:21 |::| db |::| Connection succefull: ✅ ✅ ✅}
23-03-2024 | 12:57:21 |::| info |::| API Start on 8000
23-03-2024 | 12:57:30 |::| db |::| 
[48;2;2;167;142m[30m[1mDatabase Name[22m[39m[49m[40mdev_police_manager[49m[97m||[39m[48;2;2;167;142m[30m[1mLogged As:[22m[39m[49m[40mpoliceneo[49m[97m||[39m[48;2;2;167;142m[30m[1mHost:[22m[39m[49m[40m127.0.0.1[49m[97m||[39m[48;2;2;167;142m[30m[1mDialect[22m[39m[49m[40mmysql[49m
23-03-2024 | 12:57:30 |::| db |::| Connection succefull: ✅ ✅ ✅}
23-03-2024 | 12:57:30 |::| info |::| API Start on 8000
23-03-2024 | 12:57:32 |::| db |::| 
[48;2;2;167;142m[30m[1mDatabase Name[22m[39m[49m[40mdev_police_manager[49m[97m||[39m[48;2;2;167;142m[30m[1mLogged As:[22m[39m[49m[40mpoliceneo[49m[97m||[39m[48;2;2;167;142m[30m[1mHost:[22m[39m[49m[40m127.0.0.1[49m[97m||[39m[48;2;2;167;142m[30m[1mDialect[22m[39m[49m[40mmysql[49m
23-03-2024 | 12:57:32 |::| db |::| Connection succefull: ✅ ✅ ✅}
23-03-2024 | 12:57:32 |::| info |::| API Start on 8000
